<?xml version="1.0" encoding="UTF-8"?>
<!-- Generated by org.testng.reporters.JUnitReportReporter -->
<testsuite hostname="DESKTOP-QG3FBTF" failures="0" tests="1" name="com.stratahealth.tests.HomePageTest" time="46.252" errors="0" timestamp="2022-03-31T22:31:12 MDT" skipped="0">
  <testcase classname="com.stratahealth.tests.HomePageTest" name="verifyHomePageTest" time="46.252"/>
  <system-out/>
</testsuite> <!-- com.stratahealth.tests.HomePageTest -->
